<?xml version="1.0" encoding="UTF-8"?>
<!-- Generated by org.testng.reporters.JUnitXMLReporter -->
<testsuite ignored="0" hostname="Chitranshu" failures="0" tests="4" name="Test" time="0.141" errors="0" timestamp="2024-05-08T00:48:50 IST">
  <testcase classname="testCases.A" name="enterUrl" time="0.019"/>
  <testcase classname="testCases.A" name="launchBrowser" time="0.004"/>
  <testcase classname="testCases.AnnotationsPractice" name="m1" time="0.004"/>
  <testcase classname="testCases.AnnotationsPractice" name="z1" time="0.002"/>
</testsuite> <!-- Test -->
