<?xml version="1.0" encoding="UTF-8"?>
<testng-results ignored="0" total="1" passed="1" failed="0" skipped="0">
  <reporter-output>
  </reporter-output>
  <suite started-at="2024-05-22T21:41:07 IST" name="Default suite" finished-at="2024-05-22T21:42:43 IST" duration-ms="96131">
    <groups>
    </groups>
    <test started-at="2024-05-22T21:41:07 IST" name="Default test" finished-at="2024-05-22T21:42:43 IST" duration-ms="96131">
      <class name="com.ContactDetails.www.EmployeeAddressEditable">
        <test-method signature="verifyAddressEditable()[pri:0, instance:com.ContactDetails.www.EmployeeAddressEditable@3c407114]" started-at="2024-05-22T21:41:07 IST" name="verifyAddressEditable" finished-at="2024-05-22T21:42:43 IST" duration-ms="96032" status="PASS">
          <reporter-output>
          </reporter-output>
        </test-method> <!-- verifyAddressEditable -->
      </class> <!-- com.ContactDetails.www.EmployeeAddressEditable -->
    </test> <!-- Default test -->
  </suite> <!-- Default suite -->
</testng-results>
